{
  "RSpec": {
    "coverage": {
      "D:/Tec de Monterrey/Semestre 6/Ruby Projects/pokesafari-ruby/spec/controllers/pokemons_controller_spec.rb": {
        "lines": [
          1,
          null,
          1,
          1,
          1,
          null,
          null,
          1,
          null,
          1,
          null,
          1,
          1,
          null,
          null,
          null,
          1,
          1,
          null,
          null,
          null,
          null,
          null
        ]
      },
      "D:/Tec de Monterrey/Semestre 6/Ruby Projects/pokesafari-ruby/spec/rails_helper.rb": {
        "lines": [
          null,
          1,
          1,
          1,
          null,
          1,
          1,
          null,
          null,
          null,
          null,
          null,
          null,
          null,
          null,
          null,
          null,
          null,
          null,
          null,
          null,
          null,
          null,
          null,
          null,
          null,
          null,
          1,
          null,
          0,
          null,
          1,
          null,
          1,
          null,
          null,
          null,
          null,
          1,
          null,
          null,
          null,
          null,
          null,
          null,
          null,
          null,
          null,
          null,
          null,
          null,
          null,
          null,
          null,
          null,
          null,
          1,
          null,
          null,
          1,
          null,
          null,
          null
        ]
      },
      "D:/Tec de Monterrey/Semestre 6/Ruby Projects/pokesafari-ruby/config/environment.rb": {
        "lines": [
          null,
          1,
          null,
          null,
          1
        ]
      },
      "D:/Tec de Monterrey/Semestre 6/Ruby Projects/pokesafari-ruby/config/application.rb": {
        "lines": [
          1,
          null,
          1,
          null,
          null,
          null,
          1,
          null,
          1,
          1,
          null,
          1,
          null,
          null,
          null,
          null,
          null,
          null,
          null,
          null,
          null,
          null
        ]
      },
      "D:/Tec de Monterrey/Semestre 6/Ruby Projects/pokesafari-ruby/config/boot.rb": {
        "lines": [
          1,
          null,
          1,
          1
        ]
      },
      "D:/Tec de Monterrey/Semestre 6/Ruby Projects/pokesafari-ruby/config/environments/test.rb": {
        "lines": [
          1,
          null,
          null,
          null,
          null,
          null,
          null,
          1,
          null,
          null,
          null,
          1,
          null,
          null,
          null,
          null,
          1,
          null,
          null,
          1,
          1,
          null,
          null,
          null,
          null,
          1,
          1,
          1,
          null,
          null,
          1,
          null,
          null,
          1,
          null,
          null,
          1,
          null,
          1,
          null,
          null,
          null,
          null,
          1,
          null,
          null,
          1,
          null,
          null,
          1,
          null,
          null,
          1,
          null,
          null,
          null,
          null,
          null,
          null,
          null
        ]
      },
      "D:/Tec de Monterrey/Semestre 6/Ruby Projects/pokesafari-ruby/config/initializers/assets.rb": {
        "lines": [
          null,
          null,
          null,
          1,
          null,
          1,
          null,
          null,
          null,
          null,
          null,
          null,
          null,
          null
        ]
      },
      "D:/Tec de Monterrey/Semestre 6/Ruby Projects/pokesafari-ruby/config/initializers/content_security_policy.rb": {
        "lines": [
          null,
          null,
          null,
          null,
          null,
          null,
          null,
          null,
          null,
          null,
          null,
          null,
          null,
          null,
          null,
          null,
          null,
          null,
          null,
          null,
          null,
          null,
          null,
          null,
          null
        ]
      },
      "D:/Tec de Monterrey/Semestre 6/Ruby Projects/pokesafari-ruby/config/initializers/filter_parameter_logging.rb": {
        "lines": [
          null,
          null,
          null,
          null,
          null,
          1,
          null,
          null
        ]
      },
      "D:/Tec de Monterrey/Semestre 6/Ruby Projects/pokesafari-ruby/config/initializers/inflections.rb": {
        "lines": [
          null,
          null,
          null,
          null,
          null,
          null,
          null,
          null,
          null,
          null,
          null,
          null,
          null,
          null,
          null,
          null
        ]
      },
      "D:/Tec de Monterrey/Semestre 6/Ruby Projects/pokesafari-ruby/config/initializers/permissions_policy.rb": {
        "lines": [
          null,
          null,
          null,
          null,
          null,
          null,
          null,
          null,
          null,
          null,
          null
        ]
      },
      "D:/Tec de Monterrey/Semestre 6/Ruby Projects/pokesafari-ruby/spec/factories/trainer.rb": {
        "lines": [
          1,
          1,
          1,
          null,
          null
        ]
      },
      "D:/Tec de Monterrey/Semestre 6/Ruby Projects/pokesafari-ruby/config/routes.rb": {
        "lines": [
          1,
          null,
          null,
          null,
          1,
          null,
          1,
          1,
          null,
          null
        ]
      },
      "D:/Tec de Monterrey/Semestre 6/Ruby Projects/pokesafari-ruby/app/helpers/application_helper.rb": {
        "lines": [
          1,
          null
        ]
      },
      "D:/Tec de Monterrey/Semestre 6/Ruby Projects/pokesafari-ruby/app/helpers/pokemon_helper.rb": {
        "lines": [
          1,
          null
        ]
      },
      "D:/Tec de Monterrey/Semestre 6/Ruby Projects/pokesafari-ruby/app/helpers/trainers_helper.rb": {
        "lines": [
          1,
          null
        ]
      },
      "D:/Tec de Monterrey/Semestre 6/Ruby Projects/pokesafari-ruby/app/controllers/pokemons_controller.rb": {
        "lines": [
          1,
          1,
          0,
          0,
          0,
          null,
          null,
          1,
          1,
          0,
          null,
          null
        ]
      },
      "D:/Tec de Monterrey/Semestre 6/Ruby Projects/pokesafari-ruby/app/controllers/application_controller.rb": {
        "lines": [
          1,
          null
        ]
      },
      "D:/Tec de Monterrey/Semestre 6/Ruby Projects/pokesafari-ruby/app/models/trainer.rb": {
        "lines": [
          1,
          1,
          null,
          1,
          null
        ]
      },
      "D:/Tec de Monterrey/Semestre 6/Ruby Projects/pokesafari-ruby/app/models/application_record.rb": {
        "lines": [
          1,
          1,
          null
        ]
      },
      "D:/Tec de Monterrey/Semestre 6/Ruby Projects/pokesafari-ruby/app/models/pokemon.rb": {
        "lines": [
          1,
          1,
          null
        ]
      }
    },
    "timestamp": 1682314977
  }
}
